<?xml version="1.0" encoding="UTF-8"?>
<!-- Generated by org.testng.reporters.JUnitXMLReporter -->
<testsuite ignored="1" hostname="192-168-1-108.tpgi.com.au" failures="1" tests="2" name="User Creation Test" time="32.953" errors="0" timestamp="2021-11-18T13:39:13 AEDT">
  <testcase classname="tests.UserCreation" name="setup" time="0.009"/>
  <testcase classname="tests.UserCreation" name="loginTest" time="28.873">
    <failure type="org.openqa.selenium.ElementNotInteractableException" message="element not interactable
  (Session info: chrome=96.0.4664.45)
Build info: version: &amp;apos;4.0.0&amp;apos;, revision: &amp;apos;3a21814679&amp;apos;
System info: host: &amp;apos;192-168-1-108.tpgi.com.au&amp;apos;, ip: &amp;apos;fe80:0:0:0:18ab:623a:6c92:9cee%en0&amp;apos;, os.name: &amp;apos;Mac OS X&amp;apos;, os.arch: &amp;apos;x86_64&amp;apos;, os.version: &amp;apos;11.5&amp;apos;, java.version: &amp;apos;17&amp;apos;
Driver info: org.openqa.selenium.chrome.ChromeDriver
Command: [fac0b04d059effe60c141adb3d4fdda5, clickElement {id=a6d2536a-b06a-42bc-b035-ce2c250d0f03}]
Capabilities {acceptInsecureCerts: false, browserName: chrome, browserVersion: 96.0.4664.45, chrome: {chromedriverVersion: 95.0.4638.54 (d31a821ec901f..., userDataDir: /var/folders/rx/yn3xw2gx6px...}, goog:chromeOptions: {debuggerAddress: localhost:57460}, javascriptEnabled: true, networkConnectionEnabled: false, pageLoadStrategy: normal, platform: MAC, platformName: MAC, proxy: Proxy(), se:cdp: ws://localhost:57460/devtoo..., se:cdpVersion: 96.0.4664.45, setWindowRect: true, strictFileInteractability: false, timeouts: {implicit: 0, pageLoad: 300000, script: 30000}, unhandledPromptBehavior: dismiss and notify, webauthn:extension:credBlob: true, webauthn:extension:largeBlob: true, webauthn:virtualAuthenticators: true}
Element: [[ChromeDriver: chrome on MAC (fac0b04d059effe60c141adb3d4fdda5)] -&amp;gt; xpath: //*[@id=&amp;apos;close_correct_modal_btn&amp;apos;]]
Session ID: fac0b04d059effe60c141adb3d4fdda5">
      <![CDATA[org.openqa.selenium.ElementNotInteractableException: element not interactable
  (Session info: chrome=96.0.4664.45)
Build info: version: '4.0.0', revision: '3a21814679'
System info: host: '192-168-1-108.tpgi.com.au', ip: 'fe80:0:0:0:18ab:623a:6c92:9cee%en0', os.name: 'Mac OS X', os.arch: 'x86_64', os.version: '11.5', java.version: '17'
Driver info: org.openqa.selenium.chrome.ChromeDriver
Command: [fac0b04d059effe60c141adb3d4fdda5, clickElement {id=a6d2536a-b06a-42bc-b035-ce2c250d0f03}]
Capabilities {acceptInsecureCerts: false, browserName: chrome, browserVersion: 96.0.4664.45, chrome: {chromedriverVersion: 95.0.4638.54 (d31a821ec901f..., userDataDir: /var/folders/rx/yn3xw2gx6px...}, goog:chromeOptions: {debuggerAddress: localhost:57460}, javascriptEnabled: true, networkConnectionEnabled: false, pageLoadStrategy: normal, platform: MAC, platformName: MAC, proxy: Proxy(), se:cdp: ws://localhost:57460/devtoo..., se:cdpVersion: 96.0.4664.45, setWindowRect: true, strictFileInteractability: false, timeouts: {implicit: 0, pageLoad: 300000, script: 30000}, unhandledPromptBehavior: dismiss and notify, webauthn:extension:credBlob: true, webauthn:extension:largeBlob: true, webauthn:virtualAuthenticators: true}
Element: [[ChromeDriver: chrome on MAC (fac0b04d059effe60c141adb3d4fdda5)] -> xpath: //*[@id='close_correct_modal_btn']]
Session ID: fac0b04d059effe60c141adb3d4fdda5
at org.openqa.selenium.remote.codec.w3c.W3CHttpResponseCodec.createException(W3CHttpResponseCodec.java:200)
at org.openqa.selenium.remote.codec.w3c.W3CHttpResponseCodec.decode(W3CHttpResponseCodec.java:133)
at org.openqa.selenium.remote.codec.w3c.W3CHttpResponseCodec.decode(W3CHttpResponseCodec.java:53)
at org.openqa.selenium.remote.HttpCommandExecutor.execute(HttpCommandExecutor.java:184)
at org.openqa.selenium.remote.service.DriverCommandExecutor.invokeExecute(DriverCommandExecutor.java:164)
at org.openqa.selenium.remote.service.DriverCommandExecutor.execute(DriverCommandExecutor.java:139)
at org.openqa.selenium.remote.RemoteWebDriver.execute(RemoteWebDriver.java:559)
at org.openqa.selenium.remote.RemoteWebElement.execute(RemoteWebElement.java:251)
at org.openqa.selenium.remote.RemoteWebElement.click(RemoteWebElement.java:77)
at tests.TestIUtil.doLogin(TestIUtil.java:22)
at tests.UserCreation.loginTest(UserCreation.java:18)
at java.base/java.util.ArrayList.forEach(ArrayList.java:1511)
... Removed 32 stack frames]]>
    </failure>
  </testcase> <!-- loginTest -->
  <testcase classname="tests.TestBase" name="@BeforeTest initialize" time="0.0">
    <ignored/>
  </testcase> <!-- @BeforeTest initialize -->
</testsuite> <!-- User Creation Test -->
